<?xml version="1.0" encoding="UTF-8"?>
<!-- Generated by org.testng.reporters.JUnitXMLReporter -->
<testsuite ignored="1" hostname="PK-test-2.home" failures="0" tests="4" name="Minddistrict_Selenium" time="120.297" errors="0" timestamp="2024-03-22T16:08:36 CET">
  <testcase classname="TestMethods.TestCase1" name="VerifyIfDiaryModuleIsAddedToHomePage" time="12.465"/>
  <testcase classname="TestMethods.TestCase1" name="VerifyIfModuleIsAddedUsingSearchBox" time="9.182"/>
  <testcase classname="TestMethods.TestCase1" name="VerifyModuleForAutomation" time="20.714"/>
  <testcase classname="TestMethods.TestCase1" name="VerifyModuleForAutomation" time="18.4"/>
  <testcase classname="TestMethods.TestCase1" name="VerifyIfTrainingModuleIsAddedToHomePage" time="0.0">
    <ignored/>
  </testcase> <!-- VerifyIfTrainingModuleIsAddedToHomePage -->
</testsuite> <!-- Minddistrict_Selenium -->
