<?xml version="1.0" encoding="UTF-8"?>
<testng-results ignored="0" total="4" passed="4" failed="0" skipped="0">
  <reporter-output>
  </reporter-output>
  <suite started-at="2024-03-22T16:06:36 CET" name="Default Suite" finished-at="2024-03-22T16:08:36 CET" duration-ms="120297">
    <groups>
    </groups>
    <test started-at="2024-03-22T16:06:36 CET" name="Minddistrict_Selenium" finished-at="2024-03-22T16:08:36 CET" duration-ms="120297">
      <class name="TestMethods.TestCase1">
        <test-method is-config="true" signature="BeforeTest()[pri:0, instance:TestMethods.TestCase1@2ea227af]" started-at="2024-03-22T16:06:36 CET" name="BeforeTest" finished-at="2024-03-22T16:06:55 CET" duration-ms="18464" status="PASS">
          <reporter-output>
          </reporter-output>
        </test-method> <!-- BeforeTest -->
        <test-method signature="VerifyIfDiaryModuleIsAddedToHomePage()[pri:0, instance:TestMethods.TestCase1@2ea227af]" started-at="2024-03-22T16:06:55 CET" name="VerifyIfDiaryModuleIsAddedToHomePage" finished-at="2024-03-22T16:07:07 CET" duration-ms="12465" status="PASS">
          <reporter-output>
          </reporter-output>
        </test-method> <!-- VerifyIfDiaryModuleIsAddedToHomePage -->
        <test-method is-config="true" signature="AfterTest()[pri:0, instance:TestMethods.TestCase1@2ea227af]" started-at="2024-03-22T16:07:07 CET" name="AfterTest" finished-at="2024-03-22T16:07:13 CET" duration-ms="5534" status="PASS">
          <reporter-output>
          </reporter-output>
        </test-method> <!-- AfterTest -->
        <test-method is-config="true" signature="BeforeTest()[pri:0, instance:TestMethods.TestCase1@2ea227af]" started-at="2024-03-22T16:07:13 CET" name="BeforeTest" finished-at="2024-03-22T16:07:23 CET" duration-ms="9861" status="PASS">
          <reporter-output>
          </reporter-output>
        </test-method> <!-- BeforeTest -->
        <test-method signature="VerifyIfModuleIsAddedUsingSearchBox()[pri:0, instance:TestMethods.TestCase1@2ea227af]" started-at="2024-03-22T16:07:23 CET" name="VerifyIfModuleIsAddedUsingSearchBox" finished-at="2024-03-22T16:07:32 CET" duration-ms="9182" status="PASS">
          <reporter-output>
          </reporter-output>
        </test-method> <!-- VerifyIfModuleIsAddedUsingSearchBox -->
        <test-method is-config="true" signature="AfterTest()[pri:0, instance:TestMethods.TestCase1@2ea227af]" started-at="2024-03-22T16:07:32 CET" name="AfterTest" finished-at="2024-03-22T16:07:35 CET" duration-ms="3339" status="PASS">
          <reporter-output>
          </reporter-output>
        </test-method> <!-- AfterTest -->
        <test-method is-config="true" signature="BeforeTest()[pri:0, instance:TestMethods.TestCase1@2ea227af]" started-at="2024-03-22T16:07:36 CET" name="BeforeTest" finished-at="2024-03-22T16:07:43 CET" duration-ms="7149" status="PASS">
          <reporter-output>
          </reporter-output>
        </test-method> <!-- BeforeTest -->
        <test-method signature="VerifyModuleForAutomation(java.lang.String,java.lang.String,java.lang.String)[pri:0, instance:TestMethods.TestCase1@2ea227af]" started-at="2024-03-22T16:07:43 CET" name="VerifyModuleForAutomation" data-provider="getMDTestData" finished-at="2024-03-22T16:08:04 CET" duration-ms="20714" status="PASS">
          <params>
            <param index="0">
              <value>
                <![CDATA[Test Data dummy description]]>
              </value>
            </param>
            <param index="1">
              <value>
                <![CDATA[A skinny rat.]]>
              </value>
            </param>
            <param index="2">
              <value>
                <![CDATA[Try mice]]>
              </value>
            </param>
          </params>
          <reporter-output>
          </reporter-output>
        </test-method> <!-- VerifyModuleForAutomation -->
        <test-method is-config="true" signature="AfterTest()[pri:0, instance:TestMethods.TestCase1@2ea227af]" started-at="2024-03-22T16:08:04 CET" name="AfterTest" finished-at="2024-03-22T16:08:07 CET" duration-ms="3085" status="PASS">
          <reporter-output>
          </reporter-output>
        </test-method> <!-- AfterTest -->
        <test-method is-config="true" signature="BeforeTest()[pri:0, instance:TestMethods.TestCase1@2ea227af]" started-at="2024-03-22T16:08:07 CET" name="BeforeTest" finished-at="2024-03-22T16:08:15 CET" duration-ms="7978" status="PASS">
          <reporter-output>
          </reporter-output>
        </test-method> <!-- BeforeTest -->
        <test-method signature="VerifyModuleForAutomation(java.lang.String,java.lang.String,java.lang.String)[pri:0, instance:TestMethods.TestCase1@2ea227af]" started-at="2024-03-22T16:08:15 CET" name="VerifyModuleForAutomation" data-provider="getMDTestData" finished-at="2024-03-22T16:08:33 CET" duration-ms="18400" status="PASS">
          <params>
            <param index="0">
              <value>
                <![CDATA[Dummy]]>
              </value>
            </param>
            <param index="1">
              <value>
                <![CDATA[A skinny rat.]]>
              </value>
            </param>
            <param index="2">
              <value>
                <![CDATA[Try mice]]>
              </value>
            </param>
          </params>
          <reporter-output>
          </reporter-output>
        </test-method> <!-- VerifyModuleForAutomation -->
        <test-method is-config="true" signature="AfterTest()[pri:0, instance:TestMethods.TestCase1@2ea227af]" started-at="2024-03-22T16:08:33 CET" name="AfterTest" finished-at="2024-03-22T16:08:36 CET" duration-ms="3010" status="PASS">
          <reporter-output>
          </reporter-output>
        </test-method> <!-- AfterTest -->
      </class> <!-- TestMethods.TestCase1 -->
    </test> <!-- Minddistrict_Selenium -->
  </suite> <!-- Default Suite -->
</testng-results>
